BUILDING: yellocabins/pipelines-index:SNAPSHOT
Sending build context to Docker daemon  55.81kB
Step 1/13 : FROM registry.access.redhat.com/ubi8/ubi-minimal
 ---> 6ce38bb5210c
Step 2/13 : LABEL name="pipelies-index"       vendor="Kabanero"       version="1"       release="1"       summary="Nginx container to host Kabanero pipelines"       description="Nginx container to host Kabanero pipelines"
 ---> Using cache
 ---> 01856cc4646f
Step 3/13 : COPY nginx/nginx.repo  /etc/yum.repos.d/nginx.repo
 ---> Using cache
 ---> 3b0748a9eb02
Step 4/13 : RUN microdnf install nginx findutils     && mkdir /var/cache/nginx     && chown -R nginx:0 /var/log/nginx/ /var/cache/nginx /usr/share/nginx     && chmod -R g=u /var/log/nginx/ /var/cache/nginx /usr/share/nginx     && mkdir /licenses     && cp /usr/share/doc/nginx*/* /licenses
 ---> Using cache
 ---> d93ab0af1b14
Step 5/13 : COPY nginx/nginx.conf  /etc/nginx/nginx.conf
 ---> Using cache
 ---> e376becbcbcb
Step 6/13 : COPY nginx/nginx-ssl.conf  /etc/nginx/nginx-ssl.conf
 ---> Using cache
 ---> 621acebd9d4f
Step 7/13 : COPY nginx/startup.sh  /opt/startup.sh
 ---> Using cache
 ---> b41a7f5fb2ce
Step 8/13 : COPY assets            /opt/www/public
 ---> b8f08c575435
Step 9/13 : EXPOSE 8080
 ---> Running in f5f0c531a3e9
Removing intermediate container f5f0c531a3e9
 ---> 5363963ca63e
Step 10/13 : EXPOSE 8443
 ---> Running in 88422c26f378
Removing intermediate container 88422c26f378
 ---> f8baa6c49883
Step 11/13 : RUN touch /var/run/nginx.pid &&   chown -R nginx:0 /var/run/nginx.pid /var/cache/nginx /opt/www/public /etc/nginx /run &&   chmod -R g=u /opt/www/public /var/cache/nginx /etc/nginx /var/run/nginx.pid /run
 ---> Running in 805b554a69df
Removing intermediate container 805b554a69df
 ---> 9f5ab5b0135a
Step 12/13 : USER nginx
 ---> Running in 2a36f9729e1d
Removing intermediate container 2a36f9729e1d
 ---> e7c73d133ef1
Step 13/13 : ENTRYPOINT ["/opt/startup.sh"]
 ---> Running in 1bf356a56a40
Removing intermediate container 1bf356a56a40
 ---> d188d0c45395
Successfully built d188d0c45395
Successfully tagged yellocabins/pipelines-index:latest
Successfully tagged yellocabins/pipelines-index:SNAPSHOT
